<?xml version="1.0" encoding="UTF-8"?>
<testng-results ignored="0" total="1" passed="1" failed="0" skipped="0">
  <reporter-output>
  </reporter-output>
  <suite started-at="2021-07-11T20:09:32Z" name="Suite" finished-at="2021-07-11T20:11:39Z" duration-ms="126353">
    <groups>
    </groups>
    <test started-at="2021-07-11T20:09:32Z" name="GK" finished-at="2021-07-11T20:11:39Z" duration-ms="126353">
      <class name="gk.gui.tests.saucedemoE2E_tests">
        <test-method is-config="true" signature="beforeMethod()[pri:0, instance:gk.gui.tests.saucedemoE2E_tests@6ce139a4]" started-at="2021-07-11T20:09:32Z" name="beforeMethod" finished-at="2021-07-11T20:09:34Z" duration-ms="1343" status="PASS">
          <reporter-output>
          </reporter-output>
        </test-method> <!-- beforeMethod -->
        <test-method signature="saucedemoE2E_tests()[pri:0, instance:gk.gui.tests.saucedemoE2E_tests@6ce139a4]" started-at="2021-07-11T20:09:34Z" name="saucedemoE2E_tests" finished-at="2021-07-11T20:11:39Z" duration-ms="124804" status="PASS">
          <reporter-output>
          </reporter-output>
        </test-method> <!-- saucedemoE2E_tests -->
        <test-method is-config="true" signature="afterMethod()[pri:0, instance:gk.gui.tests.saucedemoE2E_tests@6ce139a4]" started-at="2021-07-11T20:11:39Z" name="afterMethod" finished-at="2021-07-11T20:11:39Z" duration-ms="168" status="PASS">
          <reporter-output>
          </reporter-output>
        </test-method> <!-- afterMethod -->
      </class> <!-- gk.gui.tests.saucedemoE2E_tests -->
    </test> <!-- GK -->
  </suite> <!-- Suite -->
</testng-results>
